<?xml version="1.0" encoding="UTF-8"?>
<testsuite xmlns:xsi="http://www.w3.org/2001/XMLSchema-instance" xsi:noNamespaceSchemaLocation="https://maven.apache.org/surefire/maven-surefire-plugin/xsd/surefire-test-report.xsd" name="data.park.AppTest" time="0.071" tests="1" errors="0" skipped="0" failures="0">
  <properties>
    <property name="java.specification.version" value="15"/>
    <property name="sun.jnu.encoding" value="UTF-8"/>
    <property name="java.class.path" value="/home/asus/eclipse-workspace/park/target/test-classes:/home/asus/eclipse-workspace/park/target/classes:/home/asus/.m2/repository/com/google/firebase/firebase-admin/7.1.0/firebase-admin-7.1.0.jar:/home/asus/.m2/repository/com/google/api-client/google-api-client/1.30.10/google-api-client-1.30.10.jar:/home/asus/.m2/repository/com/google/oauth-client/google-oauth-client/1.31.0/google-oauth-client-1.31.0.jar:/home/asus/.m2/repository/com/google/http-client/google-http-client-jackson2/1.36.0/google-http-client-jackson2-1.36.0.jar:/home/asus/.m2/repository/com/google/api-client/google-api-client-gson/1.30.10/google-api-client-gson-1.30.10.jar:/home/asus/.m2/repository/com/google/http-client/google-http-client-gson/1.36.0/google-http-client-gson-1.36.0.jar:/home/asus/.m2/repository/com/google/http-client/google-http-client/1.35.0/google-http-client-1.35.0.jar:/home/asus/.m2/repository/org/apache/httpcomponents/httpclient/4.5.12/httpclient-4.5.12.jar:/home/asus/.m2/repository/org/apache/httpcomponents/httpcore/4.4.13/httpcore-4.4.13.jar:/home/asus/.m2/repository/com/google/code/findbugs/jsr305/3.0.2/jsr305-3.0.2.jar:/home/asus/.m2/repository/com/google/j2objc/j2objc-annotations/1.3/j2objc-annotations-1.3.jar:/home/asus/.m2/repository/io/opencensus/opencensus-api/0.24.0/opencensus-api-0.24.0.jar:/home/asus/.m2/repository/io/opencensus/opencensus-contrib-http-util/0.24.0/opencensus-contrib-http-util-0.24.0.jar:/home/asus/.m2/repository/com/google/api/api-common/1.9.2/api-common-1.9.2.jar:/home/asus/.m2/repository/javax/annotation/javax.annotation-api/1.3.2/javax.annotation-api-1.3.2.jar:/home/asus/.m2/repository/com/google/auto/value/auto-value-annotations/1.7.2/auto-value-annotations-1.7.2.jar:/home/asus/.m2/repository/com/google/auth/google-auth-library-oauth2-http/0.20.0/google-auth-library-oauth2-http-0.20.0.jar:/home/asus/.m2/repository/com/google/auth/google-auth-library-credentials/0.20.0/google-auth-library-credentials-0.20.0.jar:/home/asus/.m2/repository/com/google/cloud/google-cloud-storage/1.110.0/google-cloud-storage-1.110.0.jar:/home/asus/.m2/repository/com/google/guava/failureaccess/1.0.1/failureaccess-1.0.1.jar:/home/asus/.m2/repository/com/google/guava/listenablefuture/9999.0-empty-to-avoid-conflict-with-guava/listenablefuture-9999.0-empty-to-avoid-conflict-with-guava.jar:/home/asus/.m2/repository/org/checkerframework/checker-compat-qual/2.5.5/checker-compat-qual-2.5.5.jar:/home/asus/.m2/repository/com/google/errorprone/error_prone_annotations/2.3.4/error_prone_annotations-2.3.4.jar:/home/asus/.m2/repository/com/fasterxml/jackson/core/jackson-core/2.11.0/jackson-core-2.11.0.jar:/home/asus/.m2/repository/com/google/apis/google-api-services-storage/v1-rev20200430-1.30.9/google-api-services-storage-v1-rev20200430-1.30.9.jar:/home/asus/.m2/repository/com/google/code/gson/gson/2.8.6/gson-2.8.6.jar:/home/asus/.m2/repository/com/google/cloud/google-cloud-core/1.93.6/google-cloud-core-1.93.6.jar:/home/asus/.m2/repository/com/google/api/grpc/proto-google-common-protos/1.18.0/proto-google-common-protos-1.18.0.jar:/home/asus/.m2/repository/com/google/cloud/google-cloud-core-http/1.93.6/google-cloud-core-http-1.93.6.jar:/home/asus/.m2/repository/com/google/http-client/google-http-client-appengine/1.35.0/google-http-client-appengine-1.35.0.jar:/home/asus/.m2/repository/com/google/api/gax-httpjson/0.74.0/gax-httpjson-0.74.0.jar:/home/asus/.m2/repository/com/google/api/gax/1.57.0/gax-1.57.0.jar:/home/asus/.m2/repository/io/grpc/grpc-context/1.30.0/grpc-context-1.30.0.jar:/home/asus/.m2/repository/com/google/api/grpc/proto-google-iam-v1/0.13.0/proto-google-iam-v1-0.13.0.jar:/home/asus/.m2/repository/com/google/protobuf/protobuf-java/3.12.2/protobuf-java-3.12.2.jar:/home/asus/.m2/repository/com/google/protobuf/protobuf-java-util/3.12.2/protobuf-java-util-3.12.2.jar:/home/asus/.m2/repository/org/threeten/threetenbp/1.4.4/threetenbp-1.4.4.jar:/home/asus/.m2/repository/com/google/cloud/google-cloud-firestore/1.35.0/google-cloud-firestore-1.35.0.jar:/home/asus/.m2/repository/com/google/cloud/google-cloud-core-grpc/1.93.6/google-cloud-core-grpc-1.93.6.jar:/home/asus/.m2/repository/io/grpc/grpc-core/1.30.0/grpc-core-1.30.0.jar:/home/asus/.m2/repository/com/google/android/annotations/4.1.1.4/annotations-4.1.1.4.jar:/home/asus/.m2/repository/io/perfmark/perfmark-api/0.19.0/perfmark-api-0.19.0.jar:/home/asus/.m2/repository/commons-logging/commons-logging/1.2/commons-logging-1.2.jar:/home/asus/.m2/repository/commons-codec/commons-codec/1.11/commons-codec-1.11.jar:/home/asus/.m2/repository/com/google/api/grpc/proto-google-cloud-firestore-admin-v1/1.35.0/proto-google-cloud-firestore-admin-v1-1.35.0.jar:/home/asus/.m2/repository/com/google/api/grpc/proto-google-cloud-firestore-v1/1.35.0/proto-google-cloud-firestore-v1-1.35.0.jar:/home/asus/.m2/repository/com/google/api/grpc/proto-google-cloud-firestore-v1beta1/0.88.0/proto-google-cloud-firestore-v1beta1-0.88.0.jar:/home/asus/.m2/repository/io/opencensus/opencensus-contrib-grpc-util/0.24.0/opencensus-contrib-grpc-util-0.24.0.jar:/home/asus/.m2/repository/io/grpc/grpc-protobuf/1.30.0/grpc-protobuf-1.30.0.jar:/home/asus/.m2/repository/io/grpc/grpc-protobuf-lite/1.30.0/grpc-protobuf-lite-1.30.0.jar:/home/asus/.m2/repository/org/codehaus/mojo/animal-sniffer-annotations/1.18/animal-sniffer-annotations-1.18.jar:/home/asus/.m2/repository/io/grpc/grpc-api/1.30.0/grpc-api-1.30.0.jar:/home/asus/.m2/repository/com/google/api/gax-grpc/1.57.0/gax-grpc-1.57.0.jar:/home/asus/.m2/repository/io/grpc/grpc-auth/1.30.0/grpc-auth-1.30.0.jar:/home/asus/.m2/repository/io/grpc/grpc-netty-shaded/1.30.0/grpc-netty-shaded-1.30.0.jar:/home/asus/.m2/repository/io/grpc/grpc-alts/1.30.0/grpc-alts-1.30.0.jar:/home/asus/.m2/repository/io/grpc/grpc-grpclb/1.30.0/grpc-grpclb-1.30.0.jar:/home/asus/.m2/repository/org/apache/commons/commons-lang3/3.5/commons-lang3-3.5.jar:/home/asus/.m2/repository/org/conscrypt/conscrypt-openjdk-uber/2.2.1/conscrypt-openjdk-uber-2.2.1.jar:/home/asus/.m2/repository/io/grpc/grpc-stub/1.30.0/grpc-stub-1.30.0.jar:/home/asus/.m2/repository/com/google/guava/guava/29.0-android/guava-29.0-android.jar:/home/asus/.m2/repository/org/slf4j/slf4j-api/1.7.25/slf4j-api-1.7.25.jar:/home/asus/.m2/repository/io/netty/netty-codec-http/4.1.50.Final/netty-codec-http-4.1.50.Final.jar:/home/asus/.m2/repository/io/netty/netty-common/4.1.50.Final/netty-common-4.1.50.Final.jar:/home/asus/.m2/repository/io/netty/netty-buffer/4.1.50.Final/netty-buffer-4.1.50.Final.jar:/home/asus/.m2/repository/io/netty/netty-codec/4.1.50.Final/netty-codec-4.1.50.Final.jar:/home/asus/.m2/repository/io/netty/netty-handler/4.1.50.Final/netty-handler-4.1.50.Final.jar:/home/asus/.m2/repository/io/netty/netty-resolver/4.1.50.Final/netty-resolver-4.1.50.Final.jar:/home/asus/.m2/repository/io/netty/netty-transport/4.1.50.Final/netty-transport-4.1.50.Final.jar:/home/asus/.m2/repository/com/googlecode/json-simple/json-simple/1.1/json-simple-1.1.jar:/home/asus/.m2/repository/junit/junit/4.11/junit-4.11.jar:/home/asus/.m2/repository/org/hamcrest/hamcrest-core/1.3/hamcrest-core-1.3.jar:"/>
    <property name="java.vm.vendor" value="Oracle Corporation"/>
    <property name="sun.arch.data.model" value="64"/>
    <property name="java.vendor.url" value="https://java.oracle.com/"/>
    <property name="os.name" value="Linux"/>
    <property name="java.vm.specification.version" value="15"/>
    <property name="sun.java.launcher" value="SUN_STANDARD"/>
    <property name="user.country" value="US"/>
    <property name="sun.boot.library.path" value="/home/asus/java/eclipse/plugins/org.eclipse.justj.openjdk.hotspot.jre.full.linux.x86_64_15.0.1.v20201027-0507/jre/lib"/>
    <property name="sun.java.command" value="/home/asus/eclipse-workspace/park/target/surefire/surefirebooter9494429961068543976.jar /home/asus/eclipse-workspace/park/target/surefire 2021-03-28T19-12-34_148-jvmRun1 surefire11034681660756819801tmp surefire_09173657511773009725tmp"/>
    <property name="jdk.debug" value="release"/>
    <property name="surefire.test.class.path" value="/home/asus/eclipse-workspace/park/target/test-classes:/home/asus/eclipse-workspace/park/target/classes:/home/asus/.m2/repository/com/google/firebase/firebase-admin/7.1.0/firebase-admin-7.1.0.jar:/home/asus/.m2/repository/com/google/api-client/google-api-client/1.30.10/google-api-client-1.30.10.jar:/home/asus/.m2/repository/com/google/oauth-client/google-oauth-client/1.31.0/google-oauth-client-1.31.0.jar:/home/asus/.m2/repository/com/google/http-client/google-http-client-jackson2/1.36.0/google-http-client-jackson2-1.36.0.jar:/home/asus/.m2/repository/com/google/api-client/google-api-client-gson/1.30.10/google-api-client-gson-1.30.10.jar:/home/asus/.m2/repository/com/google/http-client/google-http-client-gson/1.36.0/google-http-client-gson-1.36.0.jar:/home/asus/.m2/repository/com/google/http-client/google-http-client/1.35.0/google-http-client-1.35.0.jar:/home/asus/.m2/repository/org/apache/httpcomponents/httpclient/4.5.12/httpclient-4.5.12.jar:/home/asus/.m2/repository/org/apache/httpcomponents/httpcore/4.4.13/httpcore-4.4.13.jar:/home/asus/.m2/repository/com/google/code/findbugs/jsr305/3.0.2/jsr305-3.0.2.jar:/home/asus/.m2/repository/com/google/j2objc/j2objc-annotations/1.3/j2objc-annotations-1.3.jar:/home/asus/.m2/repository/io/opencensus/opencensus-api/0.24.0/opencensus-api-0.24.0.jar:/home/asus/.m2/repository/io/opencensus/opencensus-contrib-http-util/0.24.0/opencensus-contrib-http-util-0.24.0.jar:/home/asus/.m2/repository/com/google/api/api-common/1.9.2/api-common-1.9.2.jar:/home/asus/.m2/repository/javax/annotation/javax.annotation-api/1.3.2/javax.annotation-api-1.3.2.jar:/home/asus/.m2/repository/com/google/auto/value/auto-value-annotations/1.7.2/auto-value-annotations-1.7.2.jar:/home/asus/.m2/repository/com/google/auth/google-auth-library-oauth2-http/0.20.0/google-auth-library-oauth2-http-0.20.0.jar:/home/asus/.m2/repository/com/google/auth/google-auth-library-credentials/0.20.0/google-auth-library-credentials-0.20.0.jar:/home/asus/.m2/repository/com/google/cloud/google-cloud-storage/1.110.0/google-cloud-storage-1.110.0.jar:/home/asus/.m2/repository/com/google/guava/failureaccess/1.0.1/failureaccess-1.0.1.jar:/home/asus/.m2/repository/com/google/guava/listenablefuture/9999.0-empty-to-avoid-conflict-with-guava/listenablefuture-9999.0-empty-to-avoid-conflict-with-guava.jar:/home/asus/.m2/repository/org/checkerframework/checker-compat-qual/2.5.5/checker-compat-qual-2.5.5.jar:/home/asus/.m2/repository/com/google/errorprone/error_prone_annotations/2.3.4/error_prone_annotations-2.3.4.jar:/home/asus/.m2/repository/com/fasterxml/jackson/core/jackson-core/2.11.0/jackson-core-2.11.0.jar:/home/asus/.m2/repository/com/google/apis/google-api-services-storage/v1-rev20200430-1.30.9/google-api-services-storage-v1-rev20200430-1.30.9.jar:/home/asus/.m2/repository/com/google/code/gson/gson/2.8.6/gson-2.8.6.jar:/home/asus/.m2/repository/com/google/cloud/google-cloud-core/1.93.6/google-cloud-core-1.93.6.jar:/home/asus/.m2/repository/com/google/api/grpc/proto-google-common-protos/1.18.0/proto-google-common-protos-1.18.0.jar:/home/asus/.m2/repository/com/google/cloud/google-cloud-core-http/1.93.6/google-cloud-core-http-1.93.6.jar:/home/asus/.m2/repository/com/google/http-client/google-http-client-appengine/1.35.0/google-http-client-appengine-1.35.0.jar:/home/asus/.m2/repository/com/google/api/gax-httpjson/0.74.0/gax-httpjson-0.74.0.jar:/home/asus/.m2/repository/com/google/api/gax/1.57.0/gax-1.57.0.jar:/home/asus/.m2/repository/io/grpc/grpc-context/1.30.0/grpc-context-1.30.0.jar:/home/asus/.m2/repository/com/google/api/grpc/proto-google-iam-v1/0.13.0/proto-google-iam-v1-0.13.0.jar:/home/asus/.m2/repository/com/google/protobuf/protobuf-java/3.12.2/protobuf-java-3.12.2.jar:/home/asus/.m2/repository/com/google/protobuf/protobuf-java-util/3.12.2/protobuf-java-util-3.12.2.jar:/home/asus/.m2/repository/org/threeten/threetenbp/1.4.4/threetenbp-1.4.4.jar:/home/asus/.m2/repository/com/google/cloud/google-cloud-firestore/1.35.0/google-cloud-firestore-1.35.0.jar:/home/asus/.m2/repository/com/google/cloud/google-cloud-core-grpc/1.93.6/google-cloud-core-grpc-1.93.6.jar:/home/asus/.m2/repository/io/grpc/grpc-core/1.30.0/grpc-core-1.30.0.jar:/home/asus/.m2/repository/com/google/android/annotations/4.1.1.4/annotations-4.1.1.4.jar:/home/asus/.m2/repository/io/perfmark/perfmark-api/0.19.0/perfmark-api-0.19.0.jar:/home/asus/.m2/repository/commons-logging/commons-logging/1.2/commons-logging-1.2.jar:/home/asus/.m2/repository/commons-codec/commons-codec/1.11/commons-codec-1.11.jar:/home/asus/.m2/repository/com/google/api/grpc/proto-google-cloud-firestore-admin-v1/1.35.0/proto-google-cloud-firestore-admin-v1-1.35.0.jar:/home/asus/.m2/repository/com/google/api/grpc/proto-google-cloud-firestore-v1/1.35.0/proto-google-cloud-firestore-v1-1.35.0.jar:/home/asus/.m2/repository/com/google/api/grpc/proto-google-cloud-firestore-v1beta1/0.88.0/proto-google-cloud-firestore-v1beta1-0.88.0.jar:/home/asus/.m2/repository/io/opencensus/opencensus-contrib-grpc-util/0.24.0/opencensus-contrib-grpc-util-0.24.0.jar:/home/asus/.m2/repository/io/grpc/grpc-protobuf/1.30.0/grpc-protobuf-1.30.0.jar:/home/asus/.m2/repository/io/grpc/grpc-protobuf-lite/1.30.0/grpc-protobuf-lite-1.30.0.jar:/home/asus/.m2/repository/org/codehaus/mojo/animal-sniffer-annotations/1.18/animal-sniffer-annotations-1.18.jar:/home/asus/.m2/repository/io/grpc/grpc-api/1.30.0/grpc-api-1.30.0.jar:/home/asus/.m2/repository/com/google/api/gax-grpc/1.57.0/gax-grpc-1.57.0.jar:/home/asus/.m2/repository/io/grpc/grpc-auth/1.30.0/grpc-auth-1.30.0.jar:/home/asus/.m2/repository/io/grpc/grpc-netty-shaded/1.30.0/grpc-netty-shaded-1.30.0.jar:/home/asus/.m2/repository/io/grpc/grpc-alts/1.30.0/grpc-alts-1.30.0.jar:/home/asus/.m2/repository/io/grpc/grpc-grpclb/1.30.0/grpc-grpclb-1.30.0.jar:/home/asus/.m2/repository/org/apache/commons/commons-lang3/3.5/commons-lang3-3.5.jar:/home/asus/.m2/repository/org/conscrypt/conscrypt-openjdk-uber/2.2.1/conscrypt-openjdk-uber-2.2.1.jar:/home/asus/.m2/repository/io/grpc/grpc-stub/1.30.0/grpc-stub-1.30.0.jar:/home/asus/.m2/repository/com/google/guava/guava/29.0-android/guava-29.0-android.jar:/home/asus/.m2/repository/org/slf4j/slf4j-api/1.7.25/slf4j-api-1.7.25.jar:/home/asus/.m2/repository/io/netty/netty-codec-http/4.1.50.Final/netty-codec-http-4.1.50.Final.jar:/home/asus/.m2/repository/io/netty/netty-common/4.1.50.Final/netty-common-4.1.50.Final.jar:/home/asus/.m2/repository/io/netty/netty-buffer/4.1.50.Final/netty-buffer-4.1.50.Final.jar:/home/asus/.m2/repository/io/netty/netty-codec/4.1.50.Final/netty-codec-4.1.50.Final.jar:/home/asus/.m2/repository/io/netty/netty-handler/4.1.50.Final/netty-handler-4.1.50.Final.jar:/home/asus/.m2/repository/io/netty/netty-resolver/4.1.50.Final/netty-resolver-4.1.50.Final.jar:/home/asus/.m2/repository/io/netty/netty-transport/4.1.50.Final/netty-transport-4.1.50.Final.jar:/home/asus/.m2/repository/com/googlecode/json-simple/json-simple/1.1/json-simple-1.1.jar:/home/asus/.m2/repository/junit/junit/4.11/junit-4.11.jar:/home/asus/.m2/repository/org/hamcrest/hamcrest-core/1.3/hamcrest-core-1.3.jar:"/>
    <property name="sun.cpu.endian" value="little"/>
    <property name="user.home" value="/home/asus"/>
    <property name="user.language" value="en"/>
    <property name="java.specification.vendor" value="Oracle Corporation"/>
    <property name="java.version.date" value="2020-10-20"/>
    <property name="java.home" value="/home/asus/java/eclipse/plugins/org.eclipse.justj.openjdk.hotspot.jre.full.linux.x86_64_15.0.1.v20201027-0507/jre"/>
    <property name="file.separator" value="/"/>
    <property name="basedir" value="/home/asus/eclipse-workspace/park"/>
    <property name="java.vm.compressedOopsMode" value="Zero based"/>
    <property name="line.separator" value="&#10;"/>
    <property name="java.vm.specification.vendor" value="Oracle Corporation"/>
    <property name="java.specification.name" value="Java Platform API Specification"/>
    <property name="surefire.real.class.path" value="/home/asus/eclipse-workspace/park/target/surefire/surefirebooter9494429961068543976.jar"/>
    <property name="sun.management.compiler" value="HotSpot 64-Bit Tiered Compilers"/>
    <property name="java.runtime.version" value="15.0.1+9-18"/>
    <property name="user.name" value="asus"/>
    <property name="path.separator" value=":"/>
    <property name="os.version" value="5.8.0-48-generic"/>
    <property name="java.runtime.name" value="OpenJDK Runtime Environment"/>
    <property name="file.encoding" value="UTF-8"/>
    <property name="java.vm.name" value="OpenJDK 64-Bit Server VM"/>
    <property name="localRepository" value="/home/asus/.m2/repository"/>
    <property name="java.vendor.url.bug" value="https://bugreport.java.com/bugreport/"/>
    <property name="java.io.tmpdir" value="/tmp"/>
    <property name="java.version" value="15.0.1"/>
    <property name="user.dir" value="/home/asus/eclipse-workspace/park"/>
    <property name="os.arch" value="amd64"/>
    <property name="java.vm.specification.name" value="Java Virtual Machine Specification"/>
    <property name="java.library.path" value="/usr/java/packages/lib:/usr/lib64:/lib64:/lib:/usr/lib"/>
    <property name="java.vm.info" value="mixed mode"/>
    <property name="java.vendor" value="Oracle Corporation"/>
    <property name="java.vm.version" value="15.0.1+9-18"/>
    <property name="sun.io.unicode.encoding" value="UnicodeLittle"/>
    <property name="java.class.version" value="59.0"/>
  </properties>
  <testcase name="shouldAnswerWithTrue" classname="data.park.AppTest" time="0.003"/>
</testsuite>